This is XeTeX, Version 3.141592653-2.6-0.999996 (TeX Live 2024) (preloaded format=xelatex 2025.1.5)  2 JAN 2026 17:43
entering extended mode
 restricted \write18 enabled.
 file:line:error style messages enabled.
 %&-line parsing enabled.
**resume_en
(./resume_en.tex
LaTeX2e <2023-11-01> patch level 1
L3 programming layer <2024-02-20>

! LaTeX Error: File `resume_en.cls' not found.

Type X to quit or <RETURN> to proceed,
or enter new name. (Default extension: cls)

Enter file name: 
./resume_en.tex:2: Emergency stop.
<read *> 
         
l.2 \usepackage
               [UTF8]{ctex} % Use ctex for Chinese support^^M
*** (cannot \read from terminal in nonstop modes)

 
Here is how much of TeX's memory you used:
 20 strings out of 474773
 389 string characters out of 5761290
 1917842 words of memory out of 5000000
 22274 multiletter control sequences out of 15000+600000
 558069 words of font info for 36 fonts, out of 8000000 for 9000
 1348 hyphenation exceptions out of 8191
 19i,0n,29p,99b,17s stack positions out of 10000i,1000n,20000p,200000b,200000s
No pages of output.
